[INFO] 18:12:41:488 Tp0/(26664:26664): Soy un log
[INFO] 18:21:43:274 Tp0/(27887:27887): Soy un log
[INFO] 18:22:07:874 Tp0/(27951:27951): Soy un log
[INFO] 18:22:30:888 Tp0/(28004:28004): Soy un log
[INFO] 18:26:50:570 Tp0/(28524:28524): Soy un log
[INFO] 09:21:32:589 Tp0/(547:547): Soy un log
[INFO] 09:23:00:490 Tp0/(715:715): Soy un log
[INFO] 09:23:30:337 Tp0/(770:770): Soy un log
[INFO] 09:29:32:533 Tp0/(1404:1404): Soy un log
[INFO] 09:33:15:021 Tp0/(1768:1768): Soy un log
[INFO] 09:33:48:491 Tp0/(1844:1844): Soy un log
[INFO] 09:34:03:903 Tp0/(1876:1876): Soy un log
[INFO] 09:38:03:398 Tp0/(2286:2286): Soy un log
[INFO] 09:38:06:111 Tp0/(2286:2286): ffadsfa
[INFO] 09:43:33:152 Tp0/(2804:2804): Soy un log
[INFO] 09:43:42:744 Tp0/(2852:2852): Soy un log
[INFO] 09:43:44:537 Tp0/(2852:2852): dsasdf
[INFO] 10:49:30:988 Tp0/(3048:3048): Soy un log
[INFO] 10:49:50:557 Tp0/(3048:3048): vbcvbc
[INFO] 10:51:47:331 Tp0/(4128:4128): Soy un log
[INFO] 10:52:14:195 Tp0/(4128:4128): vvvvzcvzcx
[INFO] 10:54:19:523 Tp0/(4423:4423): Soy un log
[INFO] 10:54:40:143 Tp0/(4423:4423): bcvcccv
[INFO] 11:29:48:635 Tp0/(7785:7785): Soy un log
[INFO] 11:29:56:095 Tp0/(7785:7785): asdfadsf
[INFO] 11:32:17:639 Tp0/(7940:7940): Soy un log
[INFO] 11:32:21:993 Tp0/(7940:7940): asdfadsf
[INFO] 11:33:09:593 Tp0/(8139:8139): Soy un log
[INFO] 11:33:12:204 Tp0/(8139:8139): sdfgsf
[INFO] 11:34:39:766 Tp0/(8313:8313): Soy un log
[INFO] 11:34:51:100 Tp0/(8313:8313): cgsb
[INFO] 11:36:14:721 Tp0/(8473:8473): Soy un log
[INFO] 11:36:16:799 Tp0/(8473:8473): asdfa
[INFO] 11:56:49:936 Tp0/(9579:9579): Soy un log
[INFO] 11:56:52:786 Tp0/(9579:9579): gjg
[INFO] 11:59:19:741 Tp0/(9710:9710): Soy un log
[INFO] 11:59:40:305 Tp0/(9710:9710): hgfgfg
[INFO] 12:02:03:213 Tp0/(9864:9864): Soy un log
[INFO] 12:02:07:030 Tp0/(9864:9864): asdfads
[INFO] 12:02:40:290 Tp0/(9939:9939): Soy un log
[INFO] 12:02:42:536 Tp0/(9939:9939): zv
[INFO] 12:04:06:915 Tp0/(10012:10012): Soy un log
[INFO] 12:04:17:079 Tp0/(10012:10012): vczcv
[INFO] 12:17:08:527 Tp0/(10730:10730): Soy un log
[INFO] 12:17:12:368 Tp0/(10730:10730): fvadgh
[INFO] 12:18:27:982 Tp0/(10825:10825): Soy un log
[INFO] 12:18:30:336 Tp0/(10825:10825): sadf
[INFO] 12:28:12:394 Tp0/(11348:11348): Soy un log
[INFO] 12:28:14:259 Tp0/(11348:11348): asdfasd
[INFO] 12:29:15:518 Tp0/(11433:11433): Soy un log
[INFO] 12:29:18:580 Tp0/(11433:11433): asdf
[INFO] 12:30:22:949 Tp0/(11513:11513): Soy un log
[INFO] 12:30:26:297 Tp0/(11513:11513): dafd
[INFO] 12:38:01:866 Tp0/(11864:11864): Soy un log
[INFO] 12:38:04:347 Tp0/(11864:11864): fgsdg
[INFO] 12:38:34:306 Tp0/(11913:11913): Soy un log
[INFO] 12:38:37:004 Tp0/(11928:11928): Soy un log
[INFO] 12:39:15:760 Tp0/(11966:11966): Soy un log
[INFO] 12:39:18:967 Tp0/(11966:11966): vzbvzf
[INFO] 12:40:05:242 Tp0/(12037:12037): Soy un log
[INFO] 12:40:08:289 Tp0/(12037:12037): fdfad
[INFO] 17:16:35:111 Tp0/(24177:24177): Soy un log
[INFO] 17:16:37:030 Tp0/(24177:24177): adfasd
[INFO] 17:16:58:667 Tp0/(24208:24208): Soy un log
[INFO] 17:17:03:293 Tp0/(24208:24208): fasdfa
[INFO] 22:03:05:073 Tp0/(29584:29584): Soy un log
[INFO] 22:03:09:513 Tp0/(29584:29584): xcvbxcvbxvc
[INFO] 22:04:37:171 Tp0/(29707:29707): Soy un log
[INFO] 22:04:43:405 Tp0/(29707:29707): safsdfa
[INFO] 22:06:05:103 Tp0/(29823:29823): Soy un log
[INFO] 22:06:07:448 Tp0/(29823:29823): gukgj
[INFO] 22:07:18:176 Tp0/(29915:29915): Soy un log
[INFO] 22:07:19:737 Tp0/(29915:29915): asdfadf
[INFO] 22:08:11:168 Tp0/(29976:29976): Soy un log
[INFO] 22:08:13:346 Tp0/(29976:29976): hhh
[INFO] 22:10:19:384 Tp0/(30082:30082): Soy un log
[INFO] 22:10:22:581 Tp0/(30082:30082): jgfghj
